removing previously generated ebooks
fetching newsletters
removing font formatting for e-pub optimization
generating epub zipfiles
[Download Success] http://static.nytimes.com/email-images/design-system/social-icons/facebook.png
[Download Success] http://static.nytimes.com/email-images/design-system/social-icons/facebook.png
[Download Success] http://static.nytimes.com/email-images/design-system/social-icons/facebook.png
[Download Success] http://static.nytimes.com/email-images/design-system/social-icons/instagram.png
[Download Success] http://static.nytimes.com/email-images/design-system/social-icons/instagram.png
[Download Success] http://static.nytimes.com/email-images/design-system/social-icons/twitter.png
[Download Success] http://static.nytimes.com/email-images/design-system/social-icons/twitter.png
[Download Success] http://static.nytimes.com/email-images/design-system/social-icons/twitter.png
[Download Success] https://static01.nytimes.com/email-images/New_Headers/NYT-Headers-N-NYToday%402x.png
[Download Success] http://static.nytimes.com/email-images/design-system/social-icons/instagram.png
[Download Success] https://static01.nyt.com/images/2019/11/22/reader-center/author-jillian-rayfield/author-jillian-rayfield-blogSmallThumb.png
[Download Success] http://static.nytimes.com/email-images/design-system/social-icons/facebook.png
[Download Success] http://static.nytimes.com/email-images/design-system/social-icons/twitter.png
[Download Success] https://static.nytimes.com/email-images/New_Headers/NYT-Headers-N-CoronavirusBriefing%402x.png
[Download Success] https://static.nytimes.com/email-images/New_Headers/NYT-Headers-N-TheMorning%402x.png
[Download Success] https://static01.nyt.com/images/2020/05/01/multimedia/David-Leonhardt-Headshot-The-Morning/David-Leonhardt-Headshot-The-Morning-blogSmallThumb-v3.png
[Download Success] https://static01.nyt.com/images/2019/01/10/multimedia/author-remy-tumin/author-remy-tumin-blogSmallThumb.png
[Download Success] https://static01.nyt.com/images/2020/12/02/arts/01evening-briefing-cyrus/01evening-briefing-cyrus-articleLarge-v2.jpg
[Download Success] https://static01.nyt.com/images/2020/12/01/briefing/02AMBRIEFING-transition/02AMBRIEFING-transition-articleLarge.jpg
[Download Success] https://static01.nyt.com/images/2018/08/24/multimedia/author-jonathan-wolfe/author-jonathan-wolfe-blogSmallThumb.png
[Download Success] https://static01.nyt.com/images/2020/12/02/multimedia/02the-morning-bee/02the-morning-bee-articleLarge.png
[Download Success] https://static01.nyt.com/images/2020/05/03/smarter-living/MB-Icon-Final/MB-Icon-Final-articleLarge-v7.jpg
[Download Success] https://static01.nytimes.com/email-images/New_Headers/NYT-Headers-N-EveningBriefing%402x.png
[Download Success] https://static01.nyt.com/images/2020/12/02/nyregion/02nytoday-weather/02nytoday-weather-articleLarge.png
[Download Success] https://static01.nyt.com/images/2020/12/01/lens/01evening-briefing-schools/merlin_180438597_788bfbfc-09c3-470e-8f33-c2bf3631366f-articleLarge.jpg
[Download Success] https://static01.nyt.com/images/2020/12/13/arts/02AMBRIEFING-albums/merlin_127566551_2a3f16da-79ae-4fce-a124-8623bff2d84b-articleLarge.jpg
[Download Success] https://static01.nyt.com/images/2020/12/01/briefing/02AMBRIEFING-virus/02AMBRIEFING-virus-articleLarge.jpg
[Download Success] https://static01.nyt.com/images/2018/07/12/multimedia/author-daniel-e-slotnik/author-daniel-e-slotnik-blogSmallThumb.png
[Download Success] https://static01.nyt.com/images/2020/11/29/nyregion/29diary-illos-03/29diary-illos-03-articleLarge.jpg
[Download Success] https://static01.nyt.com/images/2020/11/25/upshot/01evening-briefing-econ/01evening-briefing-econ-articleLarge-v2.jpg
[Download Success] https://static01.nyt.com/images/2020/12/01/business/01evening-briefing-clothes/merlin_180453360_43f34ac7-432f-4659-8fde-f5b10aaebdf1-articleLarge.jpg
[Download Success] https://static01.nyt.com/images/2020/12/01/briefing/02AMBRIEFING-reads/02AMBRIEFING-reads-articleLarge.jpg
[Download Success] https://static01.nyt.com/images/2020/12/01/briefing/02AMBRIEFING-lede/02AMBRIEFING-lede-articleLarge.jpg
[Download Success] https://static01.nyt.com/images/2020/11/30/us/01evening-briefing-monolith/30monolith1-articleLarge-v3.jpg
[Download Success] https://static01.nyt.com/images/2020/11/30/world/01evening-briefing-armenia/30karabakh-russia-1-articleLarge-v4.jpg
[Download Success] https://static01.nyt.com/images/2020/12/01/lens/01evening-briefing-mack/01evening-briefing-mack-articleLarge.jpg
[Download Success] https://static01.nyt.com/images/2020/12/01/multimedia/01coronavirus-nl-ca/01coronavirus-nl-ca-articleLarge.png
[Download Success] https://static01.nyt.com/images/2020/12/01/lens/01evening-briefing-dc/01evening-briefing-dc-articleLarge-v2.jpg
[Download Success] https://static01.nyt.com/images/2018/11/20/dining/02AMBRIEFING-Eat/ar-sugar-cookies-articleLarge.jpg
[Download Success] https://static01.nyt.com/images/2020/12/01/dining/01evening-briefing-cookies/20201119_nytc_jm_cover_0566_smh-articleLarge.jpg
[Download Success] https://static01.nyt.com/images/2020/12/01/lens/01evening-briefing-vaccine/merlin_180506961_58392bd1-f90d-47c5-bee7-54e58bc29d46-articleLarge.jpg
[Success] cover image downloaded successfully!
Zipping temp dir to /Users/chylomicronman/git-repos/rtv2/generatedEBooks/12-2_Morning Briefing.epub
[Download Success] https://static01.nyt.com/images/2020/12/02/nyregion/02nytoday1/merlin_180016560_fc3647ac-ace0-40b0-a760-aa90d45c9980-articleLarge.jpg
[Download Success] https://static.nytimes.com/email-images/newsletters/coronavirus-schools-briefing/NYT-Coronavirus-Schools-Icon-REV.png
[Success] cover image downloaded successfully!
Zipping temp dir to /Users/chylomicronman/git-repos/rtv2/generatedEBooks/12-2_New York Today.epub
[Success] cover image downloaded successfully!
Zipping temp dir to /Users/chylomicronman/git-repos/rtv2/generatedEBooks/12-2_Evening Briefing.epub
[Download Success] https://static01.nyt.com/images/2020/12/01/multimedia/01coronavirus-nl-image/01coronavirus-nl-image-articleLarge.png
[Success] cover image downloaded successfully!
Zipping temp dir to /Users/chylomicronman/git-repos/rtv2/generatedEBooks/12-2_Coronavrius Briefing.epub
Done zipping, clearing temp dir...
Done zipping, clearing temp dir...
Done zipping, clearing temp dir...
Done zipping, clearing temp dir...
delivering eBooks to remarkable cloud
[
  '12-2_Coronavrius Briefing.epub',
  '12-2_Evening Briefing.epub',
  '12-2_Morning Briefing.epub',
  '12-2_New York Today.epub'
]
